#
# A fatal error has been detected by the Java Runtime Environment:
#
#  EXCEPTION_ACCESS_VIOLATION (0xc0000005) at pc=0x0000000066be0479, pid=5248, tid=0x0000000000001ce8
#
# JRE version: Java(TM) SE Runtime Environment (8.0_112-b15) (build 1.8.0_112-b15)
# Java VM: Java HotSpot(TM) 64-Bit Server VM (25.112-b15 mixed mode windows-amd64 compressed oops)
# Problematic frame:
# C  [gdx-box2d64.dll+0x20479]
#
# Failed to write core dump. Minidumps are not enabled by default on client versions of Windows
#
# If you would like to submit a bug report, please visit:
#   http://bugreport.java.com/bugreport/crash.jsp
# The crash happened outside the Java Virtual Machine in native code.
# See problematic frame for where to report the bug.
#

---------------  T H R E A D  ---------------

Current thread (0x000000001a415800):  JavaThread "LWJGL Application" [_thread_in_native, id=7400, stack(0x000000001b2e0000,0x000000001b3e0000)]

siginfo: ExceptionCode=0xc0000005, reading address 0xffffffffffffffff

Registers:
RAX=0x0000000000ffdf20, RBX=0x00000000612bb4a0, RCX=0x0000000000ffde50, RDX=0x000000006129e0a0
RSP=0x000000001b3ded20, RBP=0x000000006129e0a0, RSI=0x000000001b3dede0, RDI=0x000000006129e0a0
R8 =0x00000000612b7430, R9 =0x000000001b3dede0, R10=0x0000000003280fe0, R11=0x000000006341b530
R12=0x0000000000000000, R13=0x0000000017a60660, R14=0x000000001b3def58, R15=0x000000001a415800
RIP=0x0000000066be0479, EFLAGS=0x0000000000010202

Top of Stack: (sp=0x000000001b3ded20)
0x000000001b3ded20:   00000000000000b6 0000000000000010
0x000000001b3ded30:   0000000000000010 00000000612b7430
0x000000001b3ded40:   0000000020200021 00000000612b7430
0x000000001b3ded50:   00000000612bb4a0 000000006129e0a0
0x000000001b3ded60:   000000001b3dede0 0000000066bdf2d9
0x000000001b3ded70:   0000000000000020 00000000632eb92d
0x000000001b3ded80:   000000001a415800 000000000a00010b
0x000000001b3ded90:   000000001b3defc8 0000000017a60660
0x000000001b3deda0:   0000000020200021 00000000032683fd
0x000000001b3dedb0:   000000001b3deee0 0000000066be64bd
0x000000001b3dedc0:   00000000000000b6 000000001b3def08
0x000000001b3dedd0:   0000000000000010 0000000017a28b30
0x000000001b3dede0:   0000000000ffde50 0000000000000000
0x000000001b3dedf0:   3f87ae143a83126f 0001000042c80000
0x000000001b3dee00:   000000000000ffff 000000001b3def00
0x000000001b3dee10:   000000001782ad30 000000000328100c 

Instructions: (pc=0x0000000066be0479)
0x0000000066be0459:   41 08 00 00 00 00 89 41 34 41 0f b7 41 22 66 89
0x0000000066be0469:   41 38 41 0f b6 41 1c 88 41 3a 49 8b 09 48 8b 01
0x0000000066be0479:   ff 50 10 48 8b 10 48 89 c1 48 89 43 18 ff 52 18
0x0000000066be0489:   89 c2 89 c7 48 89 e9 c1 e2 05 e8 28 b8 fe ff 85 


Register to memory mapping:

RAX=0x0000000000ffdf20 is an unknown value
RBX=0x00000000612bb4a0 is an unknown value
RCX=0x0000000000ffde50 is an unknown value
RDX=0x000000006129e0a0 is an unknown value
RSP=0x000000001b3ded20 is pointing into the stack for thread: 0x000000001a415800
RBP=0x000000006129e0a0 is an unknown value
RSI=0x000000001b3dede0 is pointing into the stack for thread: 0x000000001a415800
RDI=0x000000006129e0a0 is an unknown value
R8 =0x00000000612b7430 is an unknown value
R9 =0x000000001b3dede0 is pointing into the stack for thread: 0x000000001a415800
R10=0x0000000003280fe0 is at code_begin+1632 in an Interpreter codelet
method entry point (kind = native)  [0x0000000003280980, 0x00000000032819a0]  4128 bytes
R11=0x000000006341b530 is an unknown value
R12=0x0000000000000000 is an unknown value
R13={method} {0x0000000017a60668} 'jniCreateFixture' '(JJFFFZSSS)J' in 'com/badlogic/gdx/physics/box2d/Body'
R14=0x000000001b3def58 is pointing into the stack for thread: 0x000000001a415800
R15=0x000000001a415800 is a thread


Stack: [0x000000001b2e0000,0x000000001b3e0000],  sp=0x000000001b3ded20,  free space=1019k
Native frames: (J=compiled Java code, j=interpreted, Vv=VM code, C=native code)
C  [gdx-box2d64.dll+0x20479]
C  [gdx-box2d64.dll+0x1f2d9]
C  [gdx-box2d64.dll+0x264bd]
C  0x000000000328100c

Java frames: (J=compiled Java code, j=interpreted, Vv=VM code)
j  com.badlogic.gdx.physics.box2d.Body.jniCreateFixture(JJFFFZSSS)J+0
j  com.badlogic.gdx.physics.box2d.Body.createFixture(Lcom/badlogic/gdx/physics/box2d/FixtureDef;)Lcom/badlogic/gdx/physics/box2d/Fixture;+49
j  sk.tuke.game.pong.arena.PlayerActor.createBody(Lcom/badlogic/gdx/physics/box2d/World;)Lcom/badlogic/gdx/physics/box2d/Body;+91
j  sk.tuke.game.pong.arena.PongGame.create()V+176
j  com.badlogic.gdx.backends.lwjgl.LwjglApplication.mainLoop()V+29
j  com.badlogic.gdx.backends.lwjgl.LwjglApplication$1.run()V+27
v  ~StubRoutines::call_stub

---------------  P R O C E S S  ---------------

Java Threads: ( => current thread )
  0x0000000002f5e800 JavaThread "DestroyJavaVM" [_thread_blocked, id=13060, stack(0x0000000002f60000,0x0000000003060000)]
=>0x000000001a415800 JavaThread "LWJGL Application" [_thread_in_native, id=7400, stack(0x000000001b2e0000,0x000000001b3e0000)]
  0x000000001987c000 JavaThread "Service Thread" daemon [_thread_blocked, id=828, stack(0x0000000019de0000,0x0000000019ee0000)]
  0x000000001983a000 JavaThread "C1 CompilerThread2" daemon [_thread_blocked, id=13036, stack(0x0000000019ce0000,0x0000000019de0000)]
  0x00000000197ec000 JavaThread "C2 CompilerThread1" daemon [_thread_blocked, id=13224, stack(0x0000000019be0000,0x0000000019ce0000)]
  0x00000000197eb000 JavaThread "C2 CompilerThread0" daemon [_thread_blocked, id=7420, stack(0x0000000019ae0000,0x0000000019be0000)]
  0x0000000017dba000 JavaThread "JDWP Command Reader" daemon [_thread_in_native, id=1852, stack(0x00000000195e0000,0x00000000196e0000)]
  0x0000000017db6800 JavaThread "JDWP Event Helper Thread" daemon [_thread_blocked, id=1716, stack(0x00000000194e0000,0x00000000195e0000)]
  0x0000000017da9000 JavaThread "JDWP Transport Listener: dt_socket" daemon [_thread_blocked, id=7260, stack(0x00000000193e0000,0x00000000194e0000)]
  0x0000000017d9f800 JavaThread "Attach Listener" daemon [_thread_blocked, id=9556, stack(0x00000000192e0000,0x00000000193e0000)]
  0x0000000017d9e800 JavaThread "Signal Dispatcher" daemon [_thread_blocked, id=2556, stack(0x00000000191e0000,0x00000000192e0000)]
  0x0000000017d90000 JavaThread "Finalizer" daemon [_thread_blocked, id=1284, stack(0x0000000018ff0000,0x00000000190f0000)]
  0x0000000003253000 JavaThread "Reference Handler" daemon [_thread_blocked, id=1192, stack(0x0000000018ef0000,0x0000000018ff0000)]

Other Threads:
  0x0000000017d67800 VMThread [stack: 0x0000000018df0000,0x0000000018ef0000] [id=2908]
  0x00000000198c0800 WatcherThread [stack: 0x0000000019ee0000,0x0000000019fe0000] [id=10152]

VM state:not at safepoint (normal execution)

VM Mutex/Monitor currently owned by a thread: None

Heap:
 PSYoungGen      total 38400K, used 18193K [0x00000000d5e00000, 0x00000000d8880000, 0x0000000100000000)
  eden space 33280K, 54% used [0x00000000d5e00000,0x00000000d6fc4740,0x00000000d7e80000)
  from space 5120K, 0% used [0x00000000d8380000,0x00000000d8380000,0x00000000d8880000)
  to   space 5120K, 0% used [0x00000000d7e80000,0x00000000d7e80000,0x00000000d8380000)
 ParOldGen       total 87552K, used 0K [0x0000000081a00000, 0x0000000086f80000, 0x00000000d5e00000)
  object space 87552K, 0% used [0x0000000081a00000,0x0000000081a00000,0x0000000086f80000)
 Metaspace       used 7325K, capacity 7427K, committed 7680K, reserved 1056768K
  class space    used 692K, capacity 720K, committed 768K, reserved 1048576K

Card table byte_map: [0x0000000012620000,0x0000000012a20000] byte_map_base: 0x0000000012213000

Marking Bits: (ParMarkBitMap*) 0x0000000063a0a6d0
 Begin Bits: [0x00000000130d0000, 0x0000000015068000)
 End Bits:   [0x0000000015068000, 0x0000000017000000)

Polling page: 0x0000000001340000

CodeCache: size=245760Kb used=2330Kb max_used=2330Kb free=243429Kb
 bounds [0x0000000003260000, 0x00000000034d0000, 0x0000000012260000]
 total_blobs=916 nmethods=444 adapters=393
 compilation: enabled

Compilation events (10 events):
Event: 1.448 Thread 0x00000000197ec000  440       4       java.util.concurrent.ConcurrentHashMap::casTabAt (20 bytes)
Event: 1.448 Thread 0x00000000197ec000 nmethod 440 0x000000000349f510 code [0x000000000349f640, 0x000000000349f6b8]
Event: 1.452 Thread 0x00000000197eb000 nmethod 436 0x000000000349ec10 code [0x000000000349ed80, 0x000000000349f228]
Event: 1.453 Thread 0x000000001983a000  442   !   3       java.net.URL::<init> (543 bytes)
Event: 1.458 Thread 0x000000001983a000 nmethod 442 0x00000000034a4150 code [0x00000000034a46a0, 0x00000000034a9498]
Event: 1.458 Thread 0x000000001983a000  443       3       java.lang.Math::max (11 bytes)
Event: 1.458 Thread 0x000000001983a000 nmethod 443 0x000000000349e6d0 code [0x000000000349e820, 0x000000000349e9b0]
Event: 1.459 Thread 0x000000001983a000  444       3       java.lang.Package::isSealed (13 bytes)
Event: 1.459 Thread 0x000000001983a000 nmethod 444 0x000000000349e350 code [0x000000000349e4a0, 0x000000000349e650]
Event: 1.459 Thread 0x000000001983a000  445       3       java.lang.ClassLoader::compareCerts (149 bytes)

GC Heap History (0 events):
No events

Deoptimization events (0 events):
No events

Internal exceptions (10 events):
Event: 0.384 Thread 0x0000000002f5e800 Exception <a 'java/security/PrivilegedActionException'> (0x00000000d62b4938) thrown at [C:\re\workspace\8-2-build-windows-amd64-cygwin\jdk8u112\7884\hotspot\src\share\vm\prims\jvm.cpp, line 1390]
Event: 0.384 Thread 0x0000000002f5e800 Exception <a 'java/security/PrivilegedActionException'> (0x00000000d62b4b48) thrown at [C:\re\workspace\8-2-build-windows-amd64-cygwin\jdk8u112\7884\hotspot\src\share\vm\prims\jvm.cpp, line 1390]
Event: 0.385 Thread 0x0000000002f5e800 Exception <a 'java/security/PrivilegedActionException'> (0x00000000d62b7690) thrown at [C:\re\workspace\8-2-build-windows-amd64-cygwin\jdk8u112\7884\hotspot\src\share\vm\prims\jvm.cpp, line 1390]
Event: 0.385 Thread 0x0000000002f5e800 Exception <a 'java/security/PrivilegedActionException'> (0x00000000d62b78a0) thrown at [C:\re\workspace\8-2-build-windows-amd64-cygwin\jdk8u112\7884\hotspot\src\share\vm\prims\jvm.cpp, line 1390]
Event: 0.709 Thread 0x0000000002f5e800 Exception <a 'java/security/PrivilegedActionException'> (0x00000000d6451e60) thrown at [C:\re\workspace\8-2-build-windows-amd64-cygwin\jdk8u112\7884\hotspot\src\share\vm\prims\jvm.cpp, line 1390]
Event: 0.710 Thread 0x0000000002f5e800 Exception <a 'java/security/PrivilegedActionException'> (0x00000000d6453af8) thrown at [C:\re\workspace\8-2-build-windows-amd64-cygwin\jdk8u112\7884\hotspot\src\share\vm\prims\jvm.cpp, line 1390]
Event: 0.710 Thread 0x0000000002f5e800 Exception <a 'java/security/PrivilegedActionException'> (0x00000000d6454c68) thrown at [C:\re\workspace\8-2-build-windows-amd64-cygwin\jdk8u112\7884\hotspot\src\share\vm\prims\jvm.cpp, line 1390]
Event: 0.710 Thread 0x0000000002f5e800 Exception <a 'java/security/PrivilegedActionException'> (0x00000000d645a1a8) thrown at [C:\re\workspace\8-2-build-windows-amd64-cygwin\jdk8u112\7884\hotspot\src\share\vm\prims\jvm.cpp, line 1390]
Event: 0.710 Thread 0x0000000002f5e800 Exception <a 'java/security/PrivilegedActionException'> (0x00000000d645ae00) thrown at [C:\re\workspace\8-2-build-windows-amd64-cygwin\jdk8u112\7884\hotspot\src\share\vm\prims\jvm.cpp, line 1390]
Event: 0.710 Thread 0x0000000002f5e800 Exception <a 'java/security/PrivilegedActionException'> (0x00000000d645ba28) thrown at [C:\re\workspace\8-2-build-windows-amd64-cygwin\jdk8u112\7884\hotspot\src\share\vm\prims\jvm.cpp, line 1390]

Events (10 events):
Event: 1.458 Thread 0x000000001a415800 DEOPT PACKING pc=0x000000000340b554 sp=0x000000001b3dce90
Event: 1.458 Thread 0x000000001a415800 DEOPT UNPACKING pc=0x00000000032a787f sp=0x000000001b3dccb0 mode 1
Event: 1.458 loading class com/badlogic/gdx/physics/box2d/ChainShape
Event: 1.458 loading class com/badlogic/gdx/physics/box2d/ChainShape done
Event: 1.458 Thread 0x000000001a415800 DEOPT PACKING pc=0x000000000340ef41 sp=0x000000001b3dcc80
Event: 1.458 Thread 0x000000001a415800 DEOPT UNPACKING pc=0x00000000032a787f sp=0x000000001b3dc9d0 mode 1
Event: 1.459 Thread 0x000000001a415800 DEOPT PACKING pc=0x000000000340b7bc sp=0x000000001b3dcd00
Event: 1.459 Thread 0x000000001a415800 DEOPT UNPACKING pc=0x00000000032a787f sp=0x000000001b3dcb20 mode 1
Event: 1.459 Thread 0x000000001a415800 DEOPT PACKING pc=0x000000000340b554 sp=0x000000001b3dce90
Event: 1.459 Thread 0x000000001a415800 DEOPT UNPACKING pc=0x00000000032a787f sp=0x000000001b3dccb0 mode 1


Dynamic libraries:
0x00007ff7456c0000 - 0x00007ff7456f7000 	C:\Install\Java\jdk1.8.0_112\bin\java.exe
0x00007fff284c0000 - 0x00007fff28691000 	C:\Windows\SYSTEM32\ntdll.dll
0x00007fff282e0000 - 0x00007fff2838b000 	C:\Windows\System32\KERNEL32.DLL
0x00007fff25420000 - 0x00007fff2563d000 	C:\Windows\System32\KERNELBASE.dll
0x00007fff27460000 - 0x00007fff27502000 	C:\Windows\System32\ADVAPI32.dll
0x00007fff279e0000 - 0x00007fff27a7e000 	C:\Windows\System32\msvcrt.dll
0x00007fff27a80000 - 0x00007fff27ad9000 	C:\Windows\System32\sechost.dll
0x00007fff28390000 - 0x00007fff284b1000 	C:\Windows\System32\RPCRT4.dll
0x00007fff272f0000 - 0x00007fff27455000 	C:\Windows\System32\USER32.dll
0x00007fff25850000 - 0x00007fff2586e000 	C:\Windows\System32\win32u.dll
0x00007fff27c10000 - 0x00007fff27c44000 	C:\Windows\System32\GDI32.dll
0x00007fff258c0000 - 0x00007fff25a42000 	C:\Windows\System32\gdi32full.dll
0x00007fff1b830000 - 0x00007fff1baa9000 	C:\Windows\WinSxS\amd64_microsoft.windows.common-controls_6595b64144ccf1df_6.0.14393.447_none_42191651c6827bb3\COMCTL32.dll
0x00007fff27cb0000 - 0x00007fff27f78000 	C:\Windows\System32\combase.dll
0x00007fff256f0000 - 0x00007fff257e5000 	C:\Windows\System32\ucrtbase.dll
0x00007fff249b0000 - 0x00007fff24a1a000 	C:\Windows\System32\bcryptPrimitives.dll
0x00007fff27510000 - 0x00007fff2753e000 	C:\Windows\System32\IMM32.DLL
0x0000000063b60000 - 0x0000000063c32000 	C:\Install\Java\jdk1.8.0_112\jre\bin\msvcr100.dll
0x00000000631f0000 - 0x0000000063a8a000 	C:\Install\Java\jdk1.8.0_112\jre\bin\server\jvm.dll
0x00007fff282d0000 - 0x00007fff282d8000 	C:\Windows\System32\PSAPI.DLL
0x00007fff223f0000 - 0x00007fff223f9000 	C:\Windows\SYSTEM32\WSOCK32.dll
0x00007fff27ba0000 - 0x00007fff27c0a000 	C:\Windows\System32\WS2_32.dll
0x00007fff227e0000 - 0x00007fff22803000 	C:\Windows\SYSTEM32\WINMM.dll
0x00007fff1d210000 - 0x00007fff1d21a000 	C:\Windows\SYSTEM32\VERSION.dll
0x00007fff227b0000 - 0x00007fff227db000 	C:\Windows\SYSTEM32\WINMMBASE.dll
0x00007fff25870000 - 0x00007fff258b2000 	C:\Windows\System32\cfgmgr32.dll
0x0000000063b50000 - 0x0000000063b5f000 	C:\Install\Java\jdk1.8.0_112\jre\bin\verify.dll
0x0000000063ab0000 - 0x0000000063ad9000 	C:\Install\Java\jdk1.8.0_112\jre\bin\java.dll
0x0000000062d40000 - 0x0000000062d75000 	C:\Install\Java\jdk1.8.0_112\jre\bin\jdwp.dll
0x0000000062d30000 - 0x0000000062d38000 	C:\Install\Java\jdk1.8.0_112\jre\bin\npt.dll
0x0000000062d00000 - 0x0000000062d23000 	C:\Install\Java\jdk1.8.0_112\jre\bin\instrument.dll
0x0000000063b30000 - 0x0000000063b46000 	C:\Install\Java\jdk1.8.0_112\jre\bin\zip.dll
0x00007fff25a50000 - 0x00007fff26f59000 	C:\Windows\System32\SHELL32.dll
0x00007fff24d40000 - 0x00007fff2541a000 	C:\Windows\System32\windows.storage.dll
0x00007fff24960000 - 0x00007fff249ac000 	C:\Windows\System32\powrprof.dll
0x00007fff27f90000 - 0x00007fff27fe2000 	C:\Windows\System32\shlwapi.dll
0x00007fff24930000 - 0x00007fff2493f000 	C:\Windows\System32\kernel.appcore.dll
0x00007fff24c90000 - 0x00007fff24d39000 	C:\Windows\System32\shcore.dll
0x00007fff24940000 - 0x00007fff24954000 	C:\Windows\System32\profapi.dll
0x0000000062cf0000 - 0x0000000062cf9000 	C:\Install\Java\jdk1.8.0_112\jre\bin\dt_socket.dll
0x00007fff24250000 - 0x00007fff242ac000 	C:\Windows\system32\mswsock.dll
0x0000000065580000 - 0x0000000065616000 	C:\Users\otara\AppData\Local\Temp\libgdxotara\8aad67a5\gdx64.dll
0x00007fff243f0000 - 0x00007fff24407000 	C:\Windows\SYSTEM32\CRYPTSP.dll
0x00007fff23e60000 - 0x00007fff23e93000 	C:\Windows\system32\rsaenh.dll
0x00007fff24500000 - 0x00007fff2452b000 	C:\Windows\SYSTEM32\bcrypt.dll
0x00007fff240d0000 - 0x00007fff240ef000 	C:\Windows\SYSTEM32\USERENV.dll
0x00007fff24410000 - 0x00007fff2441b000 	C:\Windows\SYSTEM32\CRYPTBASE.dll
0x00000000631d0000 - 0x00000000631ea000 	C:\Install\Java\jdk1.8.0_112\jre\bin\net.dll
0x00007fff23fe0000 - 0x00007fff24018000 	C:\Windows\SYSTEM32\IPHLPAPI.DLL
0x00007fff272e0000 - 0x00007fff272e8000 	C:\Windows\System32\NSI.dll
0x00007fff1d0b0000 - 0x00007fff1d0c6000 	C:\Windows\SYSTEM32\dhcpcsvc6.DLL
0x00007fff1d120000 - 0x00007fff1d13a000 	C:\Windows\SYSTEM32\dhcpcsvc.DLL
0x00000000631b0000 - 0x00000000631c1000 	C:\Install\Java\jdk1.8.0_112\jre\bin\nio.dll
0x0000000180000000 - 0x0000000180053000 	C:\Users\otara\AppData\Local\Temp\libgdxotara\dc0f0009\lwjgl64.dll
0x00007fff090d0000 - 0x00007fff091f3000 	C:\Windows\SYSTEM32\OPENGL32.dll
0x00007fff185c0000 - 0x00007fff185ed000 	C:\Windows\SYSTEM32\GLU32.dll
0x00007fff08df0000 - 0x00007fff08ee7000 	C:\Windows\SYSTEM32\DDRAW.dll
0x00007fff1b2a0000 - 0x00007fff1b2a8000 	C:\Windows\SYSTEM32\DCIMAN32.dll
0x000000001ab20000 - 0x000000001ab84000 	C:\Users\otara\AppData\Local\Temp\libgdxotara\dc0f0009\OpenAL64.dll
0x00007fff26f60000 - 0x00007fff27097000 	C:\Windows\System32\ole32.dll
0x00007fff22fb0000 - 0x00007fff23045000 	C:\Windows\system32\uxtheme.dll
0x00007fff27240000 - 0x00007fff272df000 	C:\Windows\System32\clbcatq.dll
0x00007fff22460000 - 0x00007fff225e5000 	C:\Windows\System32\PROPSYS.dll
0x00007fff27ae0000 - 0x00007fff27b9f000 	C:\Windows\System32\OLEAUT32.dll
0x00007fff24bf0000 - 0x00007fff24c8c000 	C:\Windows\System32\msvcp_win.dll
0x00007fff04690000 - 0x00007fff0472b000 	C:\Windows\SYSTEM32\dsound.dll
0x00007fff1d680000 - 0x00007fff1d6f1000 	C:\Windows\System32\MMDevApi.dll
0x00007fff23530000 - 0x00007fff23558000 	C:\Windows\System32\DEVOBJ.dll
0x00007fff0b080000 - 0x00007fff0b114000 	C:\Windows\SYSTEM32\AUDIOSES.DLL
0x00007fff21120000 - 0x00007fff21256000 	C:\Windows\SYSTEM32\wintypes.dll
0x00007fff27ff0000 - 0x00007fff2814b000 	C:\Windows\System32\MSCTF.dll
0x00007fff22720000 - 0x00007fff22746000 	C:\Windows\system32\dwmapi.dll
0x00007ffedd380000 - 0x00007ffeddeb5000 	C:\Windows\SYSTEM32\ig75icd64.dll
0x00007fff1e490000 - 0x00007fff1eeb6000 	C:\Windows\SYSTEM32\igdusc64.dll
0x00007fff22420000 - 0x00007fff22433000 	C:\Windows\SYSTEM32\WTSAPI32.dll
0x00007fff1f720000 - 0x00007fff1f7b1000 	C:\Windows\SYSTEM32\mscms.dll
0x00007fff05190000 - 0x00007fff051d2000 	C:\Windows\SYSTEM32\icm32.dll
0x0000000066bc0000 - 0x0000000066c7b000 	C:\Users\otara\AppData\Local\Temp\libgdxotara\b6038e5c\gdx-box2d64.dll
0x00007fff0ee80000 - 0x00007fff0f012000 	C:\Windows\SYSTEM32\dbghelp.dll

VM Arguments:
jvm_args: -agentlib:jdwp=transport=dt_socket,address=127.0.0.1:64266,suspend=y,server=n -javaagent:C:\Users\otara\.IntelliJIdea2016.3\system\groovyHotSwap\gragent.jar -Dfile.encoding=UTF-8 
java_command: sk.tuke.game.pong.desktop.DesktopLauncher
java_class_path (initial): C:\Install\Java\jdk1.8.0_112\jre\lib\charsets.jar;C:\Install\Java\jdk1.8.0_112\jre\lib\deploy.jar;C:\Install\Java\jdk1.8.0_112\jre\lib\ext\access-bridge-64.jar;C:\Install\Java\jdk1.8.0_112\jre\lib\ext\cldrdata.jar;C:\Install\Java\jdk1.8.0_112\jre\lib\ext\dnsns.jar;C:\Install\Java\jdk1.8.0_112\jre\lib\ext\jaccess.jar;C:\Install\Java\jdk1.8.0_112\jre\lib\ext\jfxrt.jar;C:\Install\Java\jdk1.8.0_112\jre\lib\ext\localedata.jar;C:\Install\Java\jdk1.8.0_112\jre\lib\ext\nashorn.jar;C:\Install\Java\jdk1.8.0_112\jre\lib\ext\sunec.jar;C:\Install\Java\jdk1.8.0_112\jre\lib\ext\sunjce_provider.jar;C:\Install\Java\jdk1.8.0_112\jre\lib\ext\sunmscapi.jar;C:\Install\Java\jdk1.8.0_112\jre\lib\ext\sunpkcs11.jar;C:\Install\Java\jdk1.8.0_112\jre\lib\ext\zipfs.jar;C:\Install\Java\jdk1.8.0_112\jre\lib\javaws.jar;C:\Install\Java\jdk1.8.0_112\jre\lib\jce.jar;C:\Install\Java\jdk1.8.0_112\jre\lib\jfr.jar;C:\Install\Java\jdk1.8.0_112\jre\lib\jfxswt.jar;C:\Install\Java\jdk1.8.0_112\jre\lib\jsse.jar;C:\Install\Java\jdk1.8.0_112\jre\lib\management-agent.jar;C:\Install\Java\jdk1.8.0_112\jre\lib\plugin.jar;C:\Install\Java\jdk1.8.0_112\jre\lib\resources.jar;C:\Install\Java\jdk1.8.0_112\jre\lib\rt.jar;C:\git\pongGame\desktop\build\classes\main;C:\git\pongGame\core\build\classes\main;C:\Users\otara\.gradle\caches\modules-2\files-2.1\com.badlogicgames.gdx\gdx-backend-lwjgl\1.9.4\4c6c108a9dcbc07096de8594b93f9cab33856fe2\gdx-backend-lwjgl-1.9.4.jar;C:\Users\otara\.gradle\caches\modules-2\files-2.1\com.badlogicgames.gdx\gdx-platform\1.9.4\8e93afecc287ab152179983fc1b5f65db4c2fa4c\gdx-platform-1.9.4-natives-desktop.jar;C:\Users\otara\.gradle\caches\modules-2\files-2.1\com.badlogicgames.gdx\gdx-box2d-platform\1.9.4\905a9ed3017cd3917b7fbada5ece58c40fddcbca\gdx-box2d-platform-1.9.4-natives-desktop.jar;C:\Users\otara\.gradle\caches\modules-2\files-2.1\com.badlogicgames.gdx\gdx\1.9.4\4b4b7962d1bc75af0438f5c81ec1010557bc9ee5\gdx-1.9.4.jar;C:\Users\otara\.gradle\caches\modules-2\files-2.
Launcher Type: SUN_STANDARD

Environment Variables:
JAVA_HOME=C:\Install\Java\jdk1.8.0_112
PATH=C:\ProgramData\Oracle\Java\javapath;C:\Windows\system32;C:\Windows;C:\Windows\System32\Wbem;C:\Windows\System32\WindowsPowerShell\v1.0\;C:\Install\Git\cmd;C:\Program Files (x86)\NVIDIA Corporation\PhysX\Common;C:\Install\apache-maven-3.3.9-bin\apache-maven-3.3.9\bin\;C:\Users\otara\AppData\Local\Microsoft\WindowsApps;
USERNAME=otara
OS=Windows_NT
PROCESSOR_IDENTIFIER=Intel64 Family 6 Model 60 Stepping 3, GenuineIntel



---------------  S Y S T E M  ---------------

OS: Windows 10.0 , 64 bit Build 14393 (10.0.14393.0)

CPU:total 4 (2 cores per cpu, 2 threads per core) family 6 model 60 stepping 3, cmov, cx8, fxsr, mmx, sse, sse2, sse3, ssse3, sse4.1, sse4.2, popcnt, avx, avx2, aes, clmul, erms, lzcnt, ht, tsc, tscinvbit, bmi1, bmi2

Memory: 4k page, physical 8281560k(3073228k free), swap 9592280k(2173176k free)

vm_info: Java HotSpot(TM) 64-Bit Server VM (25.112-b15) for windows-amd64 JRE (1.8.0_112-b15), built on Sep 22 2016 21:31:56 by "java_re" with MS VC++ 10.0 (VS2010)

time: Tue Jan 24 11:16:31 2017
elapsed time: 1 seconds (0d 0h 0m 1s)

